<?xml version="1.0" encoding="UTF-8"?>
<!-- Generated by org.testng.reporters.JUnitReportReporter -->
<testsuite skipped="0" hostname="USHYDRGAJUL5" name="TestNG.TestNGDemo" tests="3" failures="0" timestamp="31 Mar 2019 09:46:43 GMT" time="3.749" errors="0">
  <testcase name="TestFormy" time="1.315" classname="TestNG.TestNGDemo"/>
  <testcase name="TestFormy" time="1.042" classname="TestNG.TestNGDemo"/>
  <testcase name="TestFormy" time="1.392" classname="TestNG.TestNGDemo"/>
</testsuite> <!-- TestNG.TestNGDemo -->
