<?xml version="1.0" encoding="UTF-8"?>
<!-- Generated by org.testng.reporters.JUnitReportReporter -->
<testsuite skipped="0" hostname="USHYDRGAJUL5" name="DataProvider.ExcelTestDataProviderDemo" tests="3" failures="0" timestamp="28 Mar 2019 12:16:05 GMT" time="0.014" errors="0">
  <testcase name="printExcel" time="0.003" classname="DataProvider.ExcelTestDataProviderDemo"/>
  <testcase name="printExcel" time="0.008" classname="DataProvider.ExcelTestDataProviderDemo"/>
  <testcase name="printExcel" time="0.003" classname="DataProvider.ExcelTestDataProviderDemo"/>
</testsuite> <!-- DataProvider.ExcelTestDataProviderDemo -->
