<?xml version="1.0" encoding="UTF-8"?>
<!-- Generated by org.testng.reporters.JUnitReportReporter -->
<testsuite skipped="0" hostname="USHYDRGAJUL5" name="DataProvider.TestDataprovider" tests="3" failures="0" timestamp="28 Mar 2019 12:12:01 GMT" time="0.013" errors="0">
  <testcase name="printExcel" time="0.009" classname="DataProvider.TestDataprovider"/>
  <testcase name="printExcel" time="0.002" classname="DataProvider.TestDataprovider"/>
  <testcase name="printExcel" time="0.002" classname="DataProvider.TestDataprovider"/>
</testsuite> <!-- DataProvider.TestDataprovider -->
