<?xml version="1.0" encoding="UTF-8"?>
<!-- Generated by org.testng.reporters.JUnitReportReporter -->
<testsuite skipped="0" hostname="USHYDRGAJUL5" name="TestNG.TestNGDemo" tests="3" failures="0" timestamp="25 Jun 2019 18:20:02 GMT" time="4.674" errors="0">
  <testcase name="TestFormy" time="1.658" classname="TestNG.TestNGDemo"/>
  <testcase name="TestFormy" time="1.788" classname="TestNG.TestNGDemo"/>
  <testcase name="TestFormy" time="1.228" classname="TestNG.TestNGDemo"/>
</testsuite> <!-- TestNG.TestNGDemo -->
