<?xml version="1.0" encoding="UTF-8"?>
<!-- Generated by org.testng.reporters.JUnitReportReporter -->
<testsuite name="TestNG.TestNGDemo" tests="3" time="4.406" ignored="0" failures="0" timestamp="25 Jun 2019 18:20:35 GMT" skipped="0" hostname="USHYDRGAJUL5" errors="0">
  <testcase name="TestFormy" time="1.406" classname="TestNG.TestNGDemo"/>
  <testcase name="TestFormy" time="1.612" classname="TestNG.TestNGDemo"/>
  <testcase name="TestFormy" time="1.388" classname="TestNG.TestNGDemo"/>
</testsuite> <!-- TestNG.TestNGDemo -->
