<?xml version="1.0" encoding="UTF-8"?>
<!-- Generated by org.testng.reporters.JUnitReportReporter -->
<testsuite name="DataProvider.ExcelTestDataProviderDemo" tests="3" time="0.002" ignored="0" failures="0" timestamp="25 Jun 2019 18:20:35 GMT" skipped="0" hostname="USHYDRGAJUL5" errors="0">
  <testcase name="printExcel" time="0.001" classname="DataProvider.ExcelTestDataProviderDemo"/>
  <testcase name="printExcel" time="0.001" classname="DataProvider.ExcelTestDataProviderDemo"/>
  <testcase name="printExcel" time="0.000" classname="DataProvider.ExcelTestDataProviderDemo"/>
</testsuite> <!-- DataProvider.ExcelTestDataProviderDemo -->
